============================= test session starts =============================
platform win32 -- Python 3.8.10, pytest-8.3.5, pluggy-1.5.0
rootdir: C:\\Users\\Adri\xe1n Rodr\xedguez\\Documents\\! Study \U0001f4dd\\\U0001f4ca KDD \U0001f916\U0001f9e0\\! Federated learning\\federated_proactive_forest
configfile: pyproject.toml
collected 0 items / 1 error

=================================== ERRORS ====================================
________________ ERROR collecting tests/test_rr_ds_explicit.py ________________

name = 'tests.test_rr_ds_explicit', package = None

    def import_module(name, package=None):
        """Import a module.
    
        The 'package' argument is required when performing a relative import. It
        specifies the package to use as the anchor point from which to resolve the
        relative import to an absolute import.
    
        """
        level = 0
        if name.startswith('.'):
            if not package:
                msg = ("the 'package' argument is required to perform a relative "
                       "import for {!r}")
                raise TypeError(msg.format(name))
            for character in name:
                if character != '.':
                    break
                level += 1
>       return _bootstrap._gcd_import(name[level:], package, level)

..\..\..\..\..\AppData\Local\Programs\Python\Python38\lib\importlib\__init__.py:127: 
_ _ _ _ _ _ _ _ _ _ _ _ _ _ _ _ _ _ _ _ _ _ _ _ _ _ _ _ _ _ _ _ _ _ _ _ _ _ _ _

name = 'tests.test_rr_ds_explicit', package = None, level = 0

>   ???

<frozen importlib._bootstrap>:1014: 
_ _ _ _ _ _ _ _ _ _ _ _ _ _ _ _ _ _ _ _ _ _ _ _ _ _ _ _ _ _ _ _ _ _ _ _ _ _ _ _

name = 'tests.test_rr_ds_explicit'
import_ = <function _gcd_import at 0x00000277DE82E4C0>

>   ???

<frozen importlib._bootstrap>:991: 
_ _ _ _ _ _ _ _ _ _ _ _ _ _ _ _ _ _ _ _ _ _ _ _ _ _ _ _ _ _ _ _ _ _ _ _ _ _ _ _

name = 'tests.test_rr_ds_explicit'
import_ = <function _gcd_import at 0x00000277DE82E4C0>

>   ???

<frozen importlib._bootstrap>:975: 
_ _ _ _ _ _ _ _ _ _ _ _ _ _ _ _ _ _ _ _ _ _ _ _ _ _ _ _ _ _ _ _ _ _ _ _ _ _ _ _

spec = ModuleSpec(name='tests.test_rr_ds_explicit', loader=<_pytest.assertion.rewrite.AssertionRewritingHook object at 0x0000...guez\\\\Documents\\\\! Study \U0001f4dd\\\\\U0001f4ca KDD \U0001f916\U0001f9e0\\\\! Federated learning\\\\federated_proactive_forest\\\\tests\\\\test_rr_ds_explicit.py')

>   ???

<frozen importlib._bootstrap>:671: 
_ _ _ _ _ _ _ _ _ _ _ _ _ _ _ _ _ _ _ _ _ _ _ _ _ _ _ _ _ _ _ _ _ _ _ _ _ _ _ _

self = <_pytest.assertion.rewrite.AssertionRewritingHook object at 0x00000277E18B4D00>
module = <module 'tests.test_rr_ds_explicit' from 'C:\\\\Users\\\\Adri\xe1n Rodr\xedguez\\\\Documents\\\\! Study \U0001f4dd\\\\\U0001f4ca KDD \U0001f916\U0001f9e0\\\\! Federated learning\\\\federated_proactive_forest\\\\tests\\\\test_rr_ds_explicit.py'>

    def exec_module(self, module: types.ModuleType) -> None:
        assert module.__spec__ is not None
        assert module.__spec__.origin is not None
        fn = Path(module.__spec__.origin)
        state = self.config.stash[assertstate_key]
    
        self._rewritten_names[module.__name__] = fn
    
        # The requested module looks like a test file, so rewrite it. This is
        # the most magical part of the process: load the source, rewrite the
        # asserts, and load the rewritten source. We also cache the rewritten
        # module code in a special pyc. We must be aware of the possibility of
        # concurrent pytest processes rewriting and loading pycs. To avoid
        # tricky race conditions, we maintain the following invariant: The
        # cached pyc is always a complete, valid pyc. Operations on it must be
        # atomic. POSIX's atomic rename comes in handy.
        write = not sys.dont_write_bytecode
        cache_dir = get_cache_dir(fn)
        if write:
            ok = try_makedirs(cache_dir)
            if not ok:
                write = False
                state.trace(f"read only directory: {cache_dir}")
    
        cache_name = fn.name[:-3] + PYC_TAIL
        pyc = cache_dir / cache_name
        # Notice that even if we're in a read-only directory, I'm going
        # to check for a cached pyc. This may not be optimal...
        co = _read_pyc(fn, pyc, state.trace)
        if co is None:
            state.trace(f"rewriting {fn!r}")
            source_stat, co = _rewrite_test(fn, self.config)
            if write:
                self._writing_pyc = True
                try:
                    _write_pyc(state, co, source_stat, pyc)
                finally:
                    self._writing_pyc = False
        else:
            state.trace(f"found cached rewritten pyc for {fn}")
>       exec(co, module.__dict__)

..\..\..\..\..\AppData\Local\Programs\Python\Python38\lib\site-packages\_pytest\assertion\rewrite.py:185: 
_ _ _ _ _ _ _ _ _ _ _ _ _ _ _ _ _ _ _ _ _ _ _ _ _ _ _ _ _ _ _ _ _ _ _ _ _ _ _ _

    """Test explícito de múltiples rondas Progressive Windows"""
    import numpy as np
    from sklearn.preprocessing import StandardScaler, LabelEncoder
    from sklearn.model_selection import train_test_split
    import pandas as pd
    
    # Cargar datos
    df = pd.read_csv('data/students_dropout.csv', sep=';')
    X = df[[c for c in df.columns if c != 'Target']].values.astype(np.float64)
    y = LabelEncoder().fit_transform(df['Target'].values)
    X_train, X_test, y_train, y_test = train_test_split(X, y, test_size=0.2, random_state=42, stratify=y)
    scaler = StandardScaler()
    X_train_scaled = scaler.fit_transform(X_train)
    X_test_scaled = scaler.transform(X_test)
    
    from src.domain.aggregation.strategies.progressive_windows import ProgressiveWindowsStrategy
    
    # Simular datos de clientes
    np.random.seed(42)
    n_clients = 3
    n_trees_per_client = 30  # 30 árboles por cliente
    window_size = 3
    max_rounds = 5
    
    # Crear árboles dummy (usamos accuracy como proxy)
    client_trees = {}
    client_metadata = {}
    for i in range(n_clients):
        client_id = f'client_{i}'
        # Crear árboles con accuracy variable
        trees = [{'id': j, 'accuracy': 0.7 + np.random.random() * 0.2} for j in range(n_trees_per_client)]
        client_trees[client_id] = trees
        client_metadata[client_id] = type('obj', (object,), {
            'client_id': client_id,
            'n_trees': len(trees),
            'accuracy': np.mean([t['accuracy'] for t in trees]),
            'macro_f1': np.mean([t['accuracy'] for t in trees]) * 0.95,
            'pcd': 0.3 + np.random.random() * 0.4,
            'to_dict': lambda self=client_id, trees=trees: {
                'client_id': self,
                'n_trees': len(trees),
                'accuracy': np.mean([t['accuracy'] for t in trees]),
                'macro_f1': np.mean([t['accuracy'] for t in trees]) * 0.95,
                'pcd': 0.3 + np.random.random() * 0.4,
            }
        })()
    
    # Crear datos de validación
    X_val = X_test_scaled[:100]
    y_val = y_test[:100]
    
    # Ejecutar Progressive Windows
    strategy = ProgressiveWindowsStrategy(
        window_size=window_size,
        max_rounds=max_rounds,
        f1_weight=0.5,
        convergence_threshold=0.002,
        verbose=True
    )
    
    print("\n" + "="*100)
    print("TEST EXPLÍCITO DE MÚLTIPLES RONDAS PROGRESSIVE WINDOWS")
    print("="*100)
    print(f"Clientes: {n_clients}")
    print(f"Árboles por cliente: {n_trees_per_client}")
    print(f"Tamaño de ventana: {window_size}")
    print(f"Máximo de rondas: {max_rounds}")
    print(f"F1 Weight (\u03b1): 0.5")
    print(f"PCD Weight (\u03b2): 0.5")
    print("="*100)
    
>   global_trees, selected_ids, all_entries = strategy.aggregate(
        client_trees,
        client_metadata,
        X_val=X_val,
        y_val=y_val,
        window_size=window_size,
        max_rounds=max_rounds,
        f1_weight=0.5
    )

tests\test_rr_ds_explicit.py:72: 
_ _ _ _ _ _ _ _ _ _ _ _ _ _ _ _ _ _ _ _ _ _ _ _ _ _ _ _ _ _ _ _ _ _ _ _ _ _ _ _

self = <src.domain.aggregation.strategies.progressive_windows.progressive_windows_strategy.ProgressiveWindowsStrategy object at 0x00000277F1A88C70>
client_trees = {'client_0': [{'accuracy': 0.7749080237694724, 'id': 0}, {'accuracy': 0.8901428612819832, 'id': 1}, {'accuracy': 0.846...8085392166316496, 'id': 3}, {'accuracy': 0.7281848449949525, 'id': 4}, {'accuracy': 0.8604393961508079, 'id': 5}, ...]}
client_metadata = {'client_0': <tests.test_rr_ds_explicit.obj object at 0x00000277E7D21250>, 'client_1': <tests.test_rr_ds_explicit.obj object at 0x00000277F1A88340>, 'client_2': <tests.test_rr_ds_explicit.obj object at 0x00000277F1A88910>}
X_val = array([[-0.29454464,  1.44699357, -0.55485756, ...,  0.87669973,
        -1.10988804,  0.35036229],
       [-0.2945446...462, -1.78321949],
       [-0.29454464, -0.09593122,  0.21399166, ..., -0.28238308,
         0.11981665,  0.76828037]])
y_val = array([1, 1, 1, 1, 0, 1, 0, 1, 1, 1, 0, 1, 1, 1, 0, 1, 1, 1, 1, 0, 1, 1,
       1, 1, 1, 1, 1, 0, 1, 0, 1, 1, 1, 1, 1,...1,
       1, 1, 1, 0, 0, 1, 0, 0, 0, 1, 0, 1, 1, 0, 1, 1, 1, 1, 0, 1, 0, 0,
       1, 1, 1, 1, 1, 0, 0, 1, 1, 1, 1, 1])
max_trees = None, max_trees_per_client = None, t_max = None, local_weight = None
kwargs = {'f1_weight': 0.5, 'max_rounds': 5, 'window_size': 3}, n_clients = 3
client_ids = ['client_0', 'client_1', 'client_2']
result = ProgressiveWindowsResult(global_trees=[], selected_ids={'client_0': [], 'client_1': [], 'client_2': []}, all_tree_entries=[], rounds_completed=0, convergence_round=None, final_accuracy=0.0, final_macro_f1=0.0, round_logs=[])
all_tree_entries = []
global_correct_counts = array([0, 0, 0, 0, 0, 0, 0, 0, 0, 0, 0, 0, 0, 0, 0, 0, 0, 0, 0, 0, 0, 0,
       0, 0, 0, 0, 0, 0, 0, 0, 0, 0, 0, 0, 0,...0,
       0, 0, 0, 0, 0, 0, 0, 0, 0, 0, 0, 0, 0, 0, 0, 0, 0, 0, 0, 0, 0, 0,
       0, 0, 0, 0, 0, 0, 0, 0, 0, 0, 0, 0])
n_val_samples = 100
y_val_encoded = array([1, 1, 1, 1, 0, 1, 0, 1, 1, 1, 0, 1, 1, 1, 0, 1, 1, 1, 1, 0, 1, 1,
       1, 1, 1, 1, 1, 0, 1, 0, 1, 1, 1, 1, 1,...1,
       1, 1, 1, 0, 0, 1, 0, 0, 0, 1, 0, 1, 1, 0, 1, 1, 1, 1, 0, 1, 0, 0,
       1, 1, 1, 1, 1, 0, 0, 1, 1, 1, 1, 1])

    def aggregate(
        self,
        client_trees: Dict[str, List[Any]],
        client_metadata: Dict[str, Any],
        X_val: Optional[np.ndarray] = None,
        y_val: Optional[np.ndarray] = None,
        max_trees: Optional[int] = None,
        max_trees_per_client: Optional[int] = None,
        t_max: Optional[int] = None,
        local_weight: Optional[float] = None,
        **kwargs
    ) -> Tuple[List[Any], Dict[str, List[int]], List[Any], Optional[int], List[Dict]]:
        # Override defaults with kwargs
        self.f1_weight = kwargs.get('f1_weight', self.f1_weight)
        self.window_size = kwargs.get('window_size', self.window_size)
        self.max_rounds = kwargs.get('max_rounds', self.max_rounds)
        if local_weight is not None:
            self.local_weight = local_weight
    
        if t_max is not None:
            n_clients = len(client_trees)
            self.max_rounds = max(1, t_max // n_clients) if n_clients > 0 else self.max_rounds
    
        client_ids = list(client_trees.keys())
        n_clients = len(client_ids)
        if not client_ids:
            return [], {}, [], None, []
    
        result = ProgressiveWindowsResult()
        result.selected_ids = {cid: [] for cid in client_ids}
        self._global_trees = []
        self._global_tree_sources = []
        self.convergence_round = None
    
        all_tree_entries: List[TreeEntry] = []
        global_correct_counts = None
        n_val_samples = 0
        y_val_encoded = None
    
        if X_val is not None and y_val is not None:
            n_val_samples = X_val.shape[0]
            global_correct_counts = np.zeros(n_val_samples, dtype=int)
            class_names = kwargs.get('class_names', [])
            label_service = SimpleLabelService(class_names) if class_names else None
            y_val_encoded = label_service.transform(y_val) if label_service else y_val
    
        round_accuracies: List[float] = []
        stop_counter = 0
        previous_accuracy = None
    
        for round_num in range(self.max_rounds):
            rng = np.random.RandomState(seed=round_num)
            round_permutation = rng.permutation(client_ids).tolist()
    
            for client_idx, client_id in enumerate(round_permutation):
                client_all_trees = client_trees[client_id]
                window_start = round_num * self.window_size
                window_end = min(window_start + self.window_size, len(client_all_trees))
    
                if window_start >= len(client_all_trees):
                    continue
    
                window_trees = client_all_trees[window_start:window_end]
                client_meta = client_metadata.get(client_id, {})
                if hasattr(client_meta, 'to_dict'):
                    client_meta_dict = client_meta.to_dict()
                elif isinstance(client_meta, dict):
                    client_meta_dict = client_meta
                else:
                    client_meta_dict = {}
    
                tree_scores: List[Tuple[int, Any, float, float, float]] = []
    
                for local_idx, tree in enumerate(window_trees):
                    global_idx = window_start + local_idx
                    tree_metrics = client_meta_dict.get('tree_metrics', [])
                    if global_idx < len(tree_metrics):
                        tree_f1 = tree_metrics[global_idx].get('macro_f1', 0.5)
                    else:
                        tree_f1 = client_meta_dict.get('macro_f1', 0.5)
    
                    if X_val is not None and y_val_encoded is not None:
>                       candidate_preds_raw = tree.predict(X_val)
E                       AttributeError: 'dict' object has no attribute 'predict'

src\domain\aggregation\strategies\progressive_windows\progressive_windows_strategy.py:163: AttributeError
------------------------------- Captured stdout -------------------------------
\n====================================================================================================\nTEST EXPL\xcdCITO DE M\xdaLTIPLES RONDAS PROGRESSIVE WINDOWS\n====================================================================================================\nClientes: 3\n\xc1rboles por cliente: 30\nTama\xf1o de ventana: 3\nM\xe1ximo de rondas: 5\nF1 Weight (\u03b1): 0.5\nPCD Weight (\u03b2): 0.5\n====================================================================================================
=========================== short test summary info ===========================
ERROR tests/test_rr_ds_explicit.py - AttributeError: 'dict' object has no att...
!!!!!!!!!!!!!!!!!!! Interrupted: 1 error during collection !!!!!!!!!!!!!!!!!!!!
============================== 1 error in 1.68s ===============================
